info: ::1 - - [25/May/2022:03:27:23 +0000] "POST /api/v1/users HTTP/1.1" 201 197 "-" "PostmanRuntime/7.29.0"

info: ::1 - - [25/May/2022:03:28:56 +0000] "GET /api/v1/users HTTP/1.1" 200 204 "-" "PostmanRuntime/7.29.0"

info: ::1 - - [25/May/2022:03:34:52 +0000] "GET /api/v1/users HTTP/1.1" 200 204 "-" "PostmanRuntime/7.29.0"

info: ::1 - - [25/May/2022:07:03:26 +0000] "GET /api/v1 HTTP/1.1" 200 9 "-" "PostmanRuntime/7.29.0"

info: ::1 - - [25/May/2022:07:04:01 +0000] "GET /api/v1/ HTTP/1.1" 200 9 "-" "PostmanRuntime/7.29.0"

info: ::1 - - [25/May/2022:07:04:07 +0000] "GET /api/v1// HTTP/1.1" 200 9 "-" "PostmanRuntime/7.29.0"

info: ::1 - - [25/May/2022:07:04:16 +0000] "GET /api/v1//////////////////////////////////////////// HTTP/1.1" 404 47 "-" "PostmanRuntime/7.29.0"

info: ::1 - - [25/May/2022:07:04:27 +0000] "GET /api/v1// HTTP/1.1" 200 9 "-" "PostmanRuntime/7.29.0"

info: ::1 - - [25/May/2022:07:04:39 +0000] "GET /api/v1/// HTTP/1.1" 404 47 "-" "PostmanRuntime/7.29.0"

info: ::1 - - [25/May/2022:07:06:24 +0000] "GET /api/v1/users HTTP/1.1" 200 204 "-" "PostmanRuntime/7.29.0"

info: ::1 - - [25/May/2022:07:30:22 +0000] "POST /api/v1/users HTTP/1.1" 500 55 "-" "PostmanRuntime/7.29.0"

info: ::1 - - [25/May/2022:07:31:36 +0000] "POST /api/v1/users HTTP/1.1" 201 194 "-" "PostmanRuntime/7.29.0"

info: ::1 - - [25/May/2022:07:54:42 +0000] "POST /api/v1/users HTTP/1.1" 201 194 "-" "PostmanRuntime/7.29.0"

info: ::1 - - [25/May/2022:07:56:03 +0000] "POST /api/v1/users HTTP/1.1" 201 194 "-" "PostmanRuntime/7.29.0"

info: ::1 - - [25/May/2022:07:56:35 +0000] "POST /api/v1/users HTTP/1.1" 201 200 "-" "PostmanRuntime/7.29.0"

info: ::1 - - [25/May/2022:07:57:05 +0000] "POST /api/v1/users HTTP/1.1" 201 198 "-" "PostmanRuntime/7.29.0"

info: ::1 - - [25/May/2022:07:57:20 +0000] "POST /api/v1/users HTTP/1.1" 201 197 "-" "PostmanRuntime/7.29.0"

info: ::1 - - [25/May/2022:07:58:03 +0000] "POST /api/v1/users HTTP/1.1" 201 203 "-" "PostmanRuntime/7.29.0"

info: ::1 - - [25/May/2022:08:18:08 +0000] "POST /api/v1/users/628ddb584d9db70658877fa6 HTTP/1.1" 404 47 "-" "PostmanRuntime/7.29.0"

info: ::1 - - [25/May/2022:08:19:05 +0000] "POST /api/v1/users/ HTTP/1.1" 201 203 "-" "PostmanRuntime/7.29.0"

info: ::1 - - [25/May/2022:08:19:40 +0000] "GET /api/v1/users/ HTTP/1.1" 200 1331 "-" "PostmanRuntime/7.29.0"

info: ::1 - - [25/May/2022:08:19:53 +0000] "GET /api/v1/users/ HTTP/1.1" 200 1331 "-" "PostmanRuntime/7.29.0"

info: ::1 - - [25/May/2022:08:20:04 +0000] "GET /api/v1/users/628ddb584d9db70658877fa6 HTTP/1.1" 400 56 "-" "PostmanRuntime/7.29.0"

info: ::1 - - [25/May/2022:08:20:28 +0000] "GET /api/v1/users/ HTTP/1.1" 200 1331 "-" "PostmanRuntime/7.29.0"

info: ::1 - - [25/May/2022:08:23:00 +0000] "PUT /api/v1/users/ HTTP/1.1" 404 47 "-" "PostmanRuntime/7.29.0"

info: ::1 - - [25/May/2022:08:23:38 +0000] "PUT /api/v1/users/628de1334d9db70658877fac HTTP/1.1" 202 200 "-" "PostmanRuntime/7.29.0"

info: ::1 - - [25/May/2022:08:28:41 +0000] "DELETE /api/v1/users/628ddb584d9db70658877fa6 HTTP/1.1" 200 60 "-" "PostmanRuntime/7.29.0"

info: ::1 - - [25/May/2022:08:29:36 +0000] "GET /api/v1/users/628ddb584d9db70658877fa6 HTTP/1.1" 400 56 "-" "PostmanRuntime/7.29.0"

info: ::1 - - [25/May/2022:08:30:59 +0000] "GET /api/v1/users/628ddb584d9db70658877fa6 HTTP/1.1" 500 48 "-" "PostmanRuntime/7.29.0"

info: ::1 - - [25/May/2022:08:31:36 +0000] "GET /api/v1/users/628da21af5c05d1774253c5f HTTP/1.1" 500 48 "-" "PostmanRuntime/7.29.0"

info: ::1 - - [25/May/2022:10:10:40 +0000] "GET /api/v1/users/628da21af5c05d1774253c5f HTTP/1.1" 200 197 "-" "PostmanRuntime/7.29.0"

info: ::1 - - [26/May/2022:03:18:18 +0000] "PUT /api/v1/users/628de1334d9db70658877fac HTTP/1.1" 202 200 "-" "PostmanRuntime/7.29.0"

info: ::1 - - [26/May/2022:03:19:02 +0000] "PUT /api/v1/users/628de1334d9db70658877fac HTTP/1.1" 202 201 "-" "PostmanRuntime/7.29.0"

info: ::1 - - [26/May/2022:03:21:40 +0000] "DELETE /api/v1/users/628de18b4d9db70658877fb2 HTTP/1.1" 200 60 "-" "PostmanRuntime/7.29.0"

